---
  0 debug pnpm:scope: 
    selected: 1
    workspacePrefix: null
  1 info pnpm: 
    message: "A store server is running. All store manipulations are delegated to it."
    prefix: "/app"
  2 debug pnpm:package-json: 
    initial: 
      dependencies: 
        @notionhq/client: "^2.2.2"
        encoding: "^0.1.13"
        node: "^19.2.0"
        node-engine: "^0.0.5"
      main: "script.js"
      scripts: 
        start: "node script.js"
      readme: "# Hello Website (blank)\n\nThis is a basic static HTML starter project you can build on however you like. No need to save. While you develop your site, your changes will happen 🪄 immediately in the preview window. You can upload assets like images or audio in `assets` to the left. The rest is up to you and your imagination.\n\n## What's in this project?\n\n← `README.md`: That's this file, where you can tell people what your cool website does and how you built it.\n\n← `index.html`: This is the main HTML page for your site.\n\n← `style.css`: CSS files add styling rules to your content.\n\n← `script.js`: If you're feeling fancy you can add interactivity to your site with JavaScript.\n\n![Glitch](https://cdn.glitch.com/a9975ea6-8949-4bab-addb-8a95021dc2da%2FLogo_Color.svg?v=1602781328576)\n\n## You built this with Glitch!\n\n[Glitch](https://glitch.com) is a friendly community where millions of people come together to build web apps and websites.\n\n- Need more help? [Check out our Help Center](https://help.glitch.com/) for answers to any common questions.\n- Ready to make it official? [Become a paid Glitch member](https://glitch.com/pricing) to boost your app with private sharing, more storage and memory, domains and more.\n"
      readmeFilename: "README.md"
      gitHead: "16f63d1a57752919a9dad5113151fce7926d2d33"
      name: ""
      version: ""
      description: "This is a basic static HTML starter project you can build on however you like. No need to save. While you develop your site, your changes will happen 🪄 immediately in the preview window. You can upload assets like images or audio in `assets` to the left. The rest is up to you and your imagination."
      _id: "@"
    prefix: "/app"
  3 debug pnpm:stage: 
    prefix: "/app"
    stage: "resolution_started"
  4 warn pnpm:install-check: 
    message: "Unsupported engine for registry.npmjs.org/@notionhq/client/2.2.2: wanted: {\"node\":\">=12\"} (current: {\"node\":\"v10.24.1\",\"pnpm\":\"2.25.5\"})"
    prefix: "/app"
  5 debug pnpm:progress: 
    packageId: "registry.npmjs.org/@notionhq/client/2.2.2"
    requester: "/app"
    status: "resolved"
  6 debug pnpm:progress: 
    packageId: "registry.npmjs.org/encoding/0.1.13"
    requester: "/app"
    status: "resolved"
  7 debug pnpm:progress: 
    packageId: "registry.npmjs.org/node-engine/0.0.5"
    requester: "/app"
    status: "resolved"
  8 debug pnpm:progress: 
    packageId: "registry.npmjs.org/node/19.2.0"
    requester: "/app"
    status: "resolved"
  9 debug pnpm:progress: 
    packageId: "registry.npmjs.org/@notionhq/client/2.2.2"
    requester: "/app"
    status: "found_in_store"
  10 debug pnpm:progress: 
    packageId: "registry.npmjs.org/@types/node-fetch/2.6.2"
    requester: "/app"
    status: "resolved"
  11 debug pnpm:progress: 
    packageId: "registry.npmjs.org/node-fetch/2.6.7"
    requester: "/app"
    status: "resolved"
  12 debug pnpm:progress: 
    packageId: "registry.npmjs.org/encoding/0.1.13"
    requester: "/app"
    status: "found_in_store"
  13 debug pnpm:progress: 
    packageId: "registry.npmjs.org/node-engine/0.0.5"
    requester: "/app"
    status: "found_in_store"
  14 debug pnpm:progress: 
    packageId: "registry.npmjs.org/node/19.2.0"
    requester: "/app"
    status: "found_in_store"
  15 debug pnpm:progress: 
    packageId: "registry.npmjs.org/iconv-lite/0.6.3"
    requester: "/app"
    status: "resolved"
  16 warn pnpm:install-check: 
    message: "Unsupported engine for registry.npmjs.org/winston/3.8.2: wanted: {\"node\":\">= 12.0.0\"} (current: {\"node\":\"v10.24.1\",\"pnpm\":\"2.25.5\"})"
    prefix: "/app"
  17 debug pnpm:progress: 
    packageId: "registry.npmjs.org/winston/3.8.2"
    requester: "/app"
    status: "resolved"
  18 debug pnpm:progress: 
    packageId: "registry.npmjs.org/q/1.5.1"
    requester: "/app"
    status: "resolved"
  19 debug pnpm:progress: 
    packageId: "registry.npmjs.org/node-options/0.0.7"
    requester: "/app"
    status: "resolved"
  20 debug pnpm:progress: 
    packageId: "registry.npmjs.org/node-bin-setup/1.1.3"
    requester: "/app"
    status: "resolved"
  21 debug pnpm:progress: 
    packageId: "registry.npmjs.org/@types/node-fetch/2.6.2"
    requester: "/app"
    status: "found_in_store"
  22 debug pnpm:progress: 
    packageId: "registry.npmjs.org/node-fetch/2.6.7"
    requester: "/app"
    status: "found_in_store"
  23 debug pnpm:progress: 
    packageId: "registry.npmjs.org/@types/node/18.11.11"
    requester: "/app"
    status: "resolved"
  24 debug pnpm:progress: 
    packageId: "registry.npmjs.org/form-data/3.0.1"
    requester: "/app"
    status: "resolved"
  25 debug pnpm:progress: 
    packageId: "registry.npmjs.org/whatwg-url/5.0.0"
    requester: "/app"
    status: "resolved"
  26 debug pnpm:progress: 
    packageId: "registry.npmjs.org/iconv-lite/0.6.3"
    requester: "/app"
    status: "found_in_store"
  27 debug pnpm:progress: 
    packageId: "registry.npmjs.org/winston/3.8.2"
    requester: "/app"
    status: "found_in_store"
  28 debug pnpm:progress: 
    packageId: "registry.npmjs.org/q/1.5.1"
    requester: "/app"
    status: "found_in_store"
  29 debug pnpm:progress: 
    packageId: "registry.npmjs.org/node-options/0.0.7"
    requester: "/app"
    status: "found_in_store"
  30 debug pnpm:progress: 
    packageId: "registry.npmjs.org/node-bin-setup/1.1.3"
    requester: "/app"
    status: "found_in_store"
  31 debug pnpm:progress: 
    packageId: "registry.npmjs.org/safer-buffer/2.1.2"
    requester: "/app"
    status: "resolved"
  32 debug pnpm:progress: 
    packageId: "registry.npmjs.org/@dabh/diagnostics/2.0.3"
    requester: "/app"
    status: "resolved"
  33 debug pnpm:progress: 
    packageId: "registry.npmjs.org/async/3.2.4"
    requester: "/app"
    status: "resolved"
  34 debug pnpm:progress: 
    packageId: "registry.npmjs.org/is-stream/2.0.1"
    requester: "/app"
    status: "resolved"
  35 debug pnpm:progress: 
    packageId: "registry.npmjs.org/logform/2.4.2"
    requester: "/app"
    status: "resolved"
  36 debug pnpm:progress: 
    packageId: "registry.npmjs.org/one-time/1.0.0"
    requester: "/app"
    status: "resolved"
  37 debug pnpm:progress: 
    packageId: "registry.npmjs.org/readable-stream/3.6.0"
    requester: "/app"
    status: "resolved"
  38 debug pnpm:progress: 
    packageId: "registry.npmjs.org/safe-stable-stringify/2.4.1"
    requester: "/app"
    status: "resolved"
  39 debug pnpm:progress: 
    packageId: "registry.npmjs.org/stack-trace/0.0.10"
    requester: "/app"
    status: "resolved"
  40 debug pnpm:progress: 
    packageId: "registry.npmjs.org/triple-beam/1.3.0"
    requester: "/app"
    status: "resolved"
  41 debug pnpm:progress: 
    packageId: "registry.npmjs.org/winston-transport/4.5.0"
    requester: "/app"
    status: "resolved"
  42 debug pnpm:progress: 
    packageId: "registry.npmjs.org/@colors/colors/1.5.0"
    requester: "/app"
    status: "resolved"
  43 debug pnpm:progress: 
    packageId: "registry.npmjs.org/@types/node/18.11.11"
    requester: "/app"
    status: "found_in_store"
  44 debug pnpm:progress: 
    packageId: "registry.npmjs.org/form-data/3.0.1"
    requester: "/app"
    status: "found_in_store"
  45 debug pnpm:progress: 
    packageId: "registry.npmjs.org/whatwg-url/5.0.0"
    requester: "/app"
    status: "found_in_store"
  46 debug pnpm:progress: 
    packageId: "registry.npmjs.org/asynckit/0.4.0"
    requester: "/app"
    status: "resolved"
  47 debug pnpm:progress: 
    packageId: "registry.npmjs.org/combined-stream/1.0.8"
    requester: "/app"
    status: "resolved"
  48 debug pnpm:progress: 
    packageId: "registry.npmjs.org/mime-types/2.1.35"
    requester: "/app"
    status: "resolved"
  49 debug pnpm:progress: 
    packageId: "registry.npmjs.org/tr46/0.0.3"
    requester: "/app"
    status: "resolved"
  50 debug pnpm:progress: 
    packageId: "registry.npmjs.org/webidl-conversions/3.0.1"
    requester: "/app"
    status: "resolved"
  51 debug pnpm:progress: 
    packageId: "registry.npmjs.org/safer-buffer/2.1.2"
    requester: "/app"
    status: "found_in_store"
  52 debug pnpm:progress: 
    packageId: "registry.npmjs.org/@dabh/diagnostics/2.0.3"
    requester: "/app"
    status: "found_in_store"
  53 debug pnpm:progress: 
    packageId: "registry.npmjs.org/colorspace/1.1.4"
    requester: "/app"
    status: "resolved"
  54 debug pnpm:progress: 
    packageId: "registry.npmjs.org/enabled/2.0.0"
    requester: "/app"
    status: "resolved"
  55 debug pnpm:progress: 
    packageId: "registry.npmjs.org/kuler/2.0.0"
    requester: "/app"
    status: "resolved"
  56 debug pnpm:progress: 
    packageId: "registry.npmjs.org/async/3.2.4"
    requester: "/app"
    status: "found_in_store"
  57 debug pnpm:progress: 
    packageId: "registry.npmjs.org/is-stream/2.0.1"
    requester: "/app"
    status: "found_in_store"
  58 debug pnpm:progress: 
    packageId: "registry.npmjs.org/logform/2.4.2"
    requester: "/app"
    status: "found_in_store"
  59 debug pnpm:progress: 
    packageId: "registry.npmjs.org/one-time/1.0.0"
    requester: "/app"
    status: "found_in_store"
  60 debug pnpm:progress: 
    packageId: "registry.npmjs.org/readable-stream/3.6.0"
    requester: "/app"
    status: "found_in_store"
  61 debug pnpm:progress: 
    packageId: "registry.npmjs.org/safe-stable-stringify/2.4.1"
    requester: "/app"
    status: "found_in_store"
  62 debug pnpm:progress: 
    packageId: "registry.npmjs.org/stack-trace/0.0.10"
    requester: "/app"
    status: "found_in_store"
  63 debug pnpm:progress: 
    packageId: "registry.npmjs.org/triple-beam/1.3.0"
    requester: "/app"
    status: "found_in_store"
  64 debug pnpm:progress: 
    packageId: "registry.npmjs.org/winston-transport/4.5.0"
    requester: "/app"
    status: "found_in_store"
  65 debug pnpm:progress: 
    packageId: "registry.npmjs.org/@colors/colors/1.5.0"
    requester: "/app"
    status: "found_in_store"
  66 debug pnpm:progress: 
    packageId: "registry.npmjs.org/fecha/4.2.3"
    requester: "/app"
    status: "resolved"
  67 debug pnpm:progress: 
    packageId: "registry.npmjs.org/ms/2.1.3"
    requester: "/app"
    status: "resolved"
  68 debug pnpm:progress: 
    packageId: "registry.npmjs.org/fn.name/1.1.0"
    requester: "/app"
    status: "resolved"
  69 debug pnpm:progress: 
    packageId: "registry.npmjs.org/inherits/2.0.4"
    requester: "/app"
    status: "resolved"
  70 debug pnpm:progress: 
    packageId: "registry.npmjs.org/string_decoder/1.3.0"
    requester: "/app"
    status: "resolved"
  71 debug pnpm:progress: 
    packageId: "registry.npmjs.org/util-deprecate/1.0.2"
    requester: "/app"
    status: "resolved"
  72 debug pnpm:progress: 
    packageId: "registry.npmjs.org/asynckit/0.4.0"
    requester: "/app"
    status: "found_in_store"
  73 debug pnpm:progress: 
    packageId: "registry.npmjs.org/combined-stream/1.0.8"
    requester: "/app"
    status: "found_in_store"
  74 debug pnpm:progress: 
    packageId: "registry.npmjs.org/mime-types/2.1.35"
    requester: "/app"
    status: "found_in_store"
  75 debug pnpm:progress: 
    packageId: "registry.npmjs.org/tr46/0.0.3"
    requester: "/app"
    status: "found_in_store"
  76 debug pnpm:progress: 
    packageId: "registry.npmjs.org/webidl-conversions/3.0.1"
    requester: "/app"
    status: "found_in_store"
  77 debug pnpm:progress: 
    packageId: "registry.npmjs.org/delayed-stream/1.0.0"
    requester: "/app"
    status: "resolved"
  78 debug pnpm:progress: 
    packageId: "registry.npmjs.org/mime-db/1.52.0"
    requester: "/app"
    status: "resolved"
  79 debug pnpm:progress: 
    packageId: "registry.npmjs.org/colorspace/1.1.4"
    requester: "/app"
    status: "found_in_store"
  80 debug pnpm:progress: 
    packageId: "registry.npmjs.org/enabled/2.0.0"
    requester: "/app"
    status: "found_in_store"
  81 debug pnpm:progress: 
    packageId: "registry.npmjs.org/kuler/2.0.0"
    requester: "/app"
    status: "found_in_store"
  82 debug pnpm:progress: 
    packageId: "registry.npmjs.org/color/3.2.1"
    requester: "/app"
    status: "resolved"
  83 debug pnpm:progress: 
    packageId: "registry.npmjs.org/text-hex/1.0.0"
    requester: "/app"
    status: "resolved"
  84 debug pnpm:progress: 
    packageId: "registry.npmjs.org/fecha/4.2.3"
    requester: "/app"
    status: "found_in_store"
  85 debug pnpm:progress: 
    packageId: "registry.npmjs.org/ms/2.1.3"
    requester: "/app"
    status: "found_in_store"
  86 debug pnpm:progress: 
    packageId: "registry.npmjs.org/fn.name/1.1.0"
    requester: "/app"
    status: "found_in_store"
  87 debug pnpm:progress: 
    packageId: "registry.npmjs.org/inherits/2.0.4"
    requester: "/app"
    status: "found_in_store"
  88 debug pnpm:progress: 
    packageId: "registry.npmjs.org/string_decoder/1.3.0"
    requester: "/app"
    status: "found_in_store"
  89 debug pnpm:progress: 
    packageId: "registry.npmjs.org/util-deprecate/1.0.2"
    requester: "/app"
    status: "found_in_store"
  90 debug pnpm:progress: 
    packageId: "registry.npmjs.org/safe-buffer/5.2.1"
    requester: "/app"
    status: "resolved"
  91 debug pnpm:progress: 
    packageId: "registry.npmjs.org/delayed-stream/1.0.0"
    requester: "/app"
    status: "found_in_store"
  92 debug pnpm:progress: 
    packageId: "registry.npmjs.org/mime-db/1.52.0"
    requester: "/app"
    status: "found_in_store"
  93 debug pnpm:progress: 
    packageId: "registry.npmjs.org/color/3.2.1"
    requester: "/app"
    status: "found_in_store"
  94 debug pnpm:progress: 
    packageId: "registry.npmjs.org/text-hex/1.0.0"
    requester: "/app"
    status: "found_in_store"
  95 debug pnpm:progress: 
    packageId: "registry.npmjs.org/color-convert/1.9.3"
    requester: "/app"
    status: "resolved"
  96 debug pnpm:progress: 
    packageId: "registry.npmjs.org/color-string/1.9.1"
    requester: "/app"
    status: "resolved"
  97 debug pnpm:progress: 
    packageId: "registry.npmjs.org/safe-buffer/5.2.1"
    requester: "/app"
    status: "found_in_store"
  98 debug pnpm:progress: 
    packageId: "registry.npmjs.org/color-convert/1.9.3"
    requester: "/app"
    status: "found_in_store"
  99 debug pnpm:progress: 
    packageId: "registry.npmjs.org/color-string/1.9.1"
    requester: "/app"
    status: "found_in_store"
  100 debug pnpm:progress: 
    packageId: "registry.npmjs.org/color-name/1.1.3"
    requester: "/app"
    status: "resolved"
  101 debug pnpm:progress: 
    packageId: "registry.npmjs.org/color-name/1.1.4"
    requester: "/app"
    status: "resolved"
  102 debug pnpm:progress: 
    packageId: "registry.npmjs.org/simple-swizzle/0.2.2"
    requester: "/app"
    status: "resolved"
  103 debug pnpm:progress: 
    packageId: "registry.npmjs.org/color-name/1.1.3"
    requester: "/app"
    status: "found_in_store"
  104 debug pnpm:progress: 
    packageId: "registry.npmjs.org/color-name/1.1.4"
    requester: "/app"
    status: "found_in_store"
  105 debug pnpm:progress: 
    packageId: "registry.npmjs.org/simple-swizzle/0.2.2"
    requester: "/app"
    status: "found_in_store"
  106 debug pnpm:progress: 
    packageId: "registry.npmjs.org/is-arrayish/0.3.2"
    requester: "/app"
    status: "resolved"
  107 debug pnpm:stage: 
    prefix: "/app"
    stage: "resolution_done"
  108 debug pnpm:package-json: 
    prefix: "/app"
    updated: 
      dependencies: 
        @notionhq/client: "^2.2.2"
        encoding: "^0.1.13"
        node: "^19.2.0"
        node-engine: "^0.0.5"
      main: "script.js"
      scripts: 
        start: "node script.js"
      readme: "# Hello Website (blank)\n\nThis is a basic static HTML starter project you can build on however you like. No need to save. While you develop your site, your changes will happen 🪄 immediately in the preview window. You can upload assets like images or audio in `assets` to the left. The rest is up to you and your imagination.\n\n## What's in this project?\n\n← `README.md`: That's this file, where you can tell people what your cool website does and how you built it.\n\n← `index.html`: This is the main HTML page for your site.\n\n← `style.css`: CSS files add styling rules to your content.\n\n← `script.js`: If you're feeling fancy you can add interactivity to your site with JavaScript.\n\n![Glitch](https://cdn.glitch.com/a9975ea6-8949-4bab-addb-8a95021dc2da%2FLogo_Color.svg?v=1602781328576)\n\n## You built this with Glitch!\n\n[Glitch](https://glitch.com) is a friendly community where millions of people come together to build web apps and websites.\n\n- Need more help? [Check out our Help Center](https://help.glitch.com/) for answers to any common questions.\n- Ready to make it official? [Become a paid Glitch member](https://glitch.com/pricing) to boost your app with private sharing, more storage and memory, domains and more.\n"
      readmeFilename: "README.md"
      gitHead: "16f63d1a57752919a9dad5113151fce7926d2d33"
      name: ""
      version: ""
      description: "This is a basic static HTML starter project you can build on however you like. No need to save. While you develop your site, your changes will happen 🪄 immediately in the preview window. You can upload assets like images or audio in `assets` to the left. The rest is up to you and your imagination."
      _id: "@"
  109 debug pnpm:progress: 
    packageId: "registry.npmjs.org/is-arrayish/0.3.2"
    requester: "/app"
    status: "found_in_store"
  110 debug pnpm:stats: 
    prefix: "/app"
    removed: 0
  111 debug pnpm:stage: 
    prefix: "/app"
    stage: "importing_started"
  112 debug pnpm:stats: 
    added: 51
    prefix: "/app"
  113 debug pnpm:link: 
    target: "/rbd/pnpm-volume/3f875fed-09c4-4ac8-a3fb-dba28ab3ddea/node_modules/.registry.npmjs.org/@types/node-fetch/2.6.2/node_modules/@types/node-fetch"
    link: "/rbd/pnpm-volume/3f875fed-09c4-4ac8-a3fb-dba28ab3ddea/node_modules/.registry.npmjs.org/@notionhq/client/2.2.2/node_modules/@types/node-fetch"
  114 debug pnpm:link: 
    target: "/rbd/pnpm-volume/3f875fed-09c4-4ac8-a3fb-dba28ab3ddea/node_modules/.registry.npmjs.org/node-fetch/2.6.7/node_modules/node-fetch"
    link: "/rbd/pnpm-volume/3f875fed-09c4-4ac8-a3fb-dba28ab3ddea/node_modules/.registry.npmjs.org/@notionhq/client/2.2.2/node_modules/node-fetch"
  115 debug pnpm:link: 
    target: "/rbd/pnpm-volume/3f875fed-09c4-4ac8-a3fb-dba28ab3ddea/node_modules/.registry.npmjs.org/@types/node/18.11.11/node_modules/@types/node"
    link: "/rbd/pnpm-volume/3f875fed-09c4-4ac8-a3fb-dba28ab3ddea/node_modules/.registry.npmjs.org/@types/node-fetch/2.6.2/node_modules/@types/node"
  116 debug pnpm:link: 
    target: "/rbd/pnpm-volume/3f875fed-09c4-4ac8-a3fb-dba28ab3ddea/node_modules/.registry.npmjs.org/form-data/3.0.1/node_modules/form-data"
    link: "/rbd/pnpm-volume/3f875fed-09c4-4ac8-a3fb-dba28ab3ddea/node_modules/.registry.npmjs.org/@types/node-fetch/2.6.2/node_modules/form-data"
  117 debug pnpm:link: 
    target: "/rbd/pnpm-volume/3f875fed-09c4-4ac8-a3fb-dba28ab3ddea/node_modules/.registry.npmjs.org/asynckit/0.4.0/node_modules/asynckit"
    link: "/rbd/pnpm-volume/3f875fed-09c4-4ac8-a3fb-dba28ab3ddea/node_modules/.registry.npmjs.org/form-data/3.0.1/node_modules/asynckit"
  118 debug pnpm:link: 
    target: "/rbd/pnpm-volume/3f875fed-09c4-4ac8-a3fb-dba28ab3ddea/node_modules/.registry.npmjs.org/combined-stream/1.0.8/node_modules/combined-stream"
    link: "/rbd/pnpm-volume/3f875fed-09c4-4ac8-a3fb-dba28ab3ddea/node_modules/.registry.npmjs.org/form-data/3.0.1/node_modules/combined-stream"
  119 debug pnpm:link: 
    target: "/rbd/pnpm-volume/3f875fed-09c4-4ac8-a3fb-dba28ab3ddea/node_modules/.registry.npmjs.org/mime-types/2.1.35/node_modules/mime-types"
    link: "/rbd/pnpm-volume/3f875fed-09c4-4ac8-a3fb-dba28ab3ddea/node_modules/.registry.npmjs.org/form-data/3.0.1/node_modules/mime-types"
  120 debug pnpm:link: 
    target: "/rbd/pnpm-volume/3f875fed-09c4-4ac8-a3fb-dba28ab3ddea/node_modules/.registry.npmjs.org/delayed-stream/1.0.0/node_modules/delayed-stream"
    link: "/rbd/pnpm-volume/3f875fed-09c4-4ac8-a3fb-dba28ab3ddea/node_modules/.registry.npmjs.org/combined-stream/1.0.8/node_modules/delayed-stream"
  121 debug pnpm:link: 
    target: "/rbd/pnpm-volume/3f875fed-09c4-4ac8-a3fb-dba28ab3ddea/node_modules/.registry.npmjs.org/mime-db/1.52.0/node_modules/mime-db"
    link: "/rbd/pnpm-volume/3f875fed-09c4-4ac8-a3fb-dba28ab3ddea/node_modules/.registry.npmjs.org/mime-types/2.1.35/node_modules/mime-db"
  122 debug pnpm:link: 
    target: "/rbd/pnpm-volume/3f875fed-09c4-4ac8-a3fb-dba28ab3ddea/node_modules/.registry.npmjs.org/whatwg-url/5.0.0/node_modules/whatwg-url"
    link: "/rbd/pnpm-volume/3f875fed-09c4-4ac8-a3fb-dba28ab3ddea/node_modules/.registry.npmjs.org/node-fetch/2.6.7/node_modules/whatwg-url"
  123 debug pnpm:link: 
    target: "/rbd/pnpm-volume/3f875fed-09c4-4ac8-a3fb-dba28ab3ddea/node_modules/.registry.npmjs.org/tr46/0.0.3/node_modules/tr46"
    link: "/rbd/pnpm-volume/3f875fed-09c4-4ac8-a3fb-dba28ab3ddea/node_modules/.registry.npmjs.org/whatwg-url/5.0.0/node_modules/tr46"
  124 debug pnpm:link: 
    target: "/rbd/pnpm-volume/3f875fed-09c4-4ac8-a3fb-dba28ab3ddea/node_modules/.registry.npmjs.org/webidl-conversions/3.0.1/node_modules/webidl-conversions"
    link: "/rbd/pnpm-volume/3f875fed-09c4-4ac8-a3fb-dba28ab3ddea/node_modules/.registry.npmjs.org/whatwg-url/5.0.0/node_modules/webidl-conversions"
  125 debug pnpm:link: 
    target: "/rbd/pnpm-volume/3f875fed-09c4-4ac8-a3fb-dba28ab3ddea/node_modules/.registry.npmjs.org/iconv-lite/0.6.3/node_modules/iconv-lite"
    link: "/rbd/pnpm-volume/3f875fed-09c4-4ac8-a3fb-dba28ab3ddea/node_modules/.registry.npmjs.org/encoding/0.1.13/node_modules/iconv-lite"
  126 debug pnpm:link: 
    target: "/rbd/pnpm-volume/3f875fed-09c4-4ac8-a3fb-dba28ab3ddea/node_modules/.registry.npmjs.org/safer-buffer/2.1.2/node_modules/safer-buffer"
    link: "/rbd/pnpm-volume/3f875fed-09c4-4ac8-a3fb-dba28ab3ddea/node_modules/.registry.npmjs.org/iconv-lite/0.6.3/node_modules/safer-buffer"
  127 debug pnpm:link: 
    target: "/rbd/pnpm-volume/3f875fed-09c4-4ac8-a3fb-dba28ab3ddea/node_modules/.registry.npmjs.org/node-bin-setup/1.1.3/node_modules/node-bin-setup"
    link: "/rbd/pnpm-volume/3f875fed-09c4-4ac8-a3fb-dba28ab3ddea/node_modules/.registry.npmjs.org/node/19.2.0/node_modules/node-bin-setup"
  128 debug pnpm:link: 
    target: "/rbd/pnpm-volume/3f875fed-09c4-4ac8-a3fb-dba28ab3ddea/node_modules/.registry.npmjs.org/winston/3.8.2/node_modules/winston"
    link: "/rbd/pnpm-volume/3f875fed-09c4-4ac8-a3fb-dba28ab3ddea/node_modules/.registry.npmjs.org/node-engine/0.0.5/node_modules/winston"
  129 debug pnpm:link: 
    target: "/rbd/pnpm-volume/3f875fed-09c4-4ac8-a3fb-dba28ab3ddea/node_modules/.registry.npmjs.org/q/1.5.1/node_modules/q"
    link: "/rbd/pnpm-volume/3f875fed-09c4-4ac8-a3fb-dba28ab3ddea/node_modules/.registry.npmjs.org/node-engine/0.0.5/node_modules/q"
  130 debug pnpm:link: 
    target: "/rbd/pnpm-volume/3f875fed-09c4-4ac8-a3fb-dba28ab3ddea/node_modules/.registry.npmjs.org/node-options/0.0.7/node_modules/node-options"
    link: "/rbd/pnpm-volume/3f875fed-09c4-4ac8-a3fb-dba28ab3ddea/node_modules/.registry.npmjs.org/node-engine/0.0.5/node_modules/node-options"
  131 debug pnpm:link: 
    target: "/rbd/pnpm-volume/3f875fed-09c4-4ac8-a3fb-dba28ab3ddea/node_modules/.registry.npmjs.org/@dabh/diagnostics/2.0.3/node_modules/@dabh/diagnostics"
    link: "/rbd/pnpm-volume/3f875fed-09c4-4ac8-a3fb-dba28ab3ddea/node_modules/.registry.npmjs.org/winston/3.8.2/node_modules/@dabh/diagnostics"
  132 debug pnpm:link: 
    target: "/rbd/pnpm-volume/3f875fed-09c4-4ac8-a3fb-dba28ab3ddea/node_modules/.registry.npmjs.org/@colors/colors/1.5.0/node_modules/@colors/colors"
    link: "/rbd/pnpm-volume/3f875fed-09c4-4ac8-a3fb-dba28ab3ddea/node_modules/.registry.npmjs.org/winston/3.8.2/node_modules/@colors/colors"
  133 debug pnpm:link: 
    target: "/rbd/pnpm-volume/3f875fed-09c4-4ac8-a3fb-dba28ab3ddea/node_modules/.registry.npmjs.org/async/3.2.4/node_modules/async"
    link: "/rbd/pnpm-volume/3f875fed-09c4-4ac8-a3fb-dba28ab3ddea/node_modules/.registry.npmjs.org/winston/3.8.2/node_modules/async"
  134 debug pnpm:link: 
    target: "/rbd/pnpm-volume/3f875fed-09c4-4ac8-a3fb-dba28ab3ddea/node_modules/.registry.npmjs.org/is-stream/2.0.1/node_modules/is-stream"
    link: "/rbd/pnpm-volume/3f875fed-09c4-4ac8-a3fb-dba28ab3ddea/node_modules/.registry.npmjs.org/winston/3.8.2/node_modules/is-stream"
  135 debug pnpm:link: 
    target: "/rbd/pnpm-volume/3f875fed-09c4-4ac8-a3fb-dba28ab3ddea/node_modules/.registry.npmjs.org/logform/2.4.2/node_modules/logform"
    link: "/rbd/pnpm-volume/3f875fed-09c4-4ac8-a3fb-dba28ab3ddea/node_modules/.registry.npmjs.org/winston/3.8.2/node_modules/logform"
  136 debug pnpm:link: 
    target: "/rbd/pnpm-volume/3f875fed-09c4-4ac8-a3fb-dba28ab3ddea/node_modules/.registry.npmjs.org/one-time/1.0.0/node_modules/one-time"
    link: "/rbd/pnpm-volume/3f875fed-09c4-4ac8-a3fb-dba28ab3ddea/node_modules/.registry.npmjs.org/winston/3.8.2/node_modules/one-time"
  137 debug pnpm:link: 
    target: "/rbd/pnpm-volume/3f875fed-09c4-4ac8-a3fb-dba28ab3ddea/node_modules/.registry.npmjs.org/readable-stream/3.6.0/node_modules/readable-stream"
    link: "/rbd/pnpm-volume/3f875fed-09c4-4ac8-a3fb-dba28ab3ddea/node_modules/.registry.npmjs.org/winston/3.8.2/node_modules/readable-stream"
  138 debug pnpm:link: 
    target: "/rbd/pnpm-volume/3f875fed-09c4-4ac8-a3fb-dba28ab3ddea/node_modules/.registry.npmjs.org/safe-stable-stringify/2.4.1/node_modules/safe-stable-stringify"
    link: "/rbd/pnpm-volume/3f875fed-09c4-4ac8-a3fb-dba28ab3ddea/node_modules/.registry.npmjs.org/winston/3.8.2/node_modules/safe-stable-stringify"
  139 debug pnpm:link: 
    target: "/rbd/pnpm-volume/3f875fed-09c4-4ac8-a3fb-dba28ab3ddea/node_modules/.registry.npmjs.org/stack-trace/0.0.10/node_modules/stack-trace"
    link: "/rbd/pnpm-volume/3f875fed-09c4-4ac8-a3fb-dba28ab3ddea/node_modules/.registry.npmjs.org/winston/3.8.2/node_modules/stack-trace"
  140 debug pnpm:link: 
    target: "/rbd/pnpm-volume/3f875fed-09c4-4ac8-a3fb-dba28ab3ddea/node_modules/.registry.npmjs.org/triple-beam/1.3.0/node_modules/triple-beam"
    link: "/rbd/pnpm-volume/3f875fed-09c4-4ac8-a3fb-dba28ab3ddea/node_modules/.registry.npmjs.org/winston/3.8.2/node_modules/triple-beam"
  141 debug pnpm:link: 
    target: "/rbd/pnpm-volume/3f875fed-09c4-4ac8-a3fb-dba28ab3ddea/node_modules/.registry.npmjs.org/winston-transport/4.5.0/node_modules/winston-transport"
    link: "/rbd/pnpm-volume/3f875fed-09c4-4ac8-a3fb-dba28ab3ddea/node_modules/.registry.npmjs.org/winston/3.8.2/node_modules/winston-transport"
  142 debug pnpm:link: 
    target: "/rbd/pnpm-volume/3f875fed-09c4-4ac8-a3fb-dba28ab3ddea/node_modules/.registry.npmjs.org/colorspace/1.1.4/node_modules/colorspace"
    link: "/rbd/pnpm-volume/3f875fed-09c4-4ac8-a3fb-dba28ab3ddea/node_modules/.registry.npmjs.org/@dabh/diagnostics/2.0.3/node_modules/colorspace"
  143 debug pnpm:link: 
    target: "/rbd/pnpm-volume/3f875fed-09c4-4ac8-a3fb-dba28ab3ddea/node_modules/.registry.npmjs.org/enabled/2.0.0/node_modules/enabled"
    link: "/rbd/pnpm-volume/3f875fed-09c4-4ac8-a3fb-dba28ab3ddea/node_modules/.registry.npmjs.org/@dabh/diagnostics/2.0.3/node_modules/enabled"
  144 debug pnpm:link: 
    target: "/rbd/pnpm-volume/3f875fed-09c4-4ac8-a3fb-dba28ab3ddea/node_modules/.registry.npmjs.org/kuler/2.0.0/node_modules/kuler"
    link: "/rbd/pnpm-volume/3f875fed-09c4-4ac8-a3fb-dba28ab3ddea/node_modules/.registry.npmjs.org/@dabh/diagnostics/2.0.3/node_modules/kuler"
  145 debug pnpm:link: 
    target: "/rbd/pnpm-volume/3f875fed-09c4-4ac8-a3fb-dba28ab3ddea/node_modules/.registry.npmjs.org/color/3.2.1/node_modules/color"
    link: "/rbd/pnpm-volume/3f875fed-09c4-4ac8-a3fb-dba28ab3ddea/node_modules/.registry.npmjs.org/colorspace/1.1.4/node_modules/color"
  146 debug pnpm:link: 
    target: "/rbd/pnpm-volume/3f875fed-09c4-4ac8-a3fb-dba28ab3ddea/node_modules/.registry.npmjs.org/text-hex/1.0.0/node_modules/text-hex"
    link: "/rbd/pnpm-volume/3f875fed-09c4-4ac8-a3fb-dba28ab3ddea/node_modules/.registry.npmjs.org/colorspace/1.1.4/node_modules/text-hex"
  147 debug pnpm:link: 
    target: "/rbd/pnpm-volume/3f875fed-09c4-4ac8-a3fb-dba28ab3ddea/node_modules/.registry.npmjs.org/color-convert/1.9.3/node_modules/color-convert"
    link: "/rbd/pnpm-volume/3f875fed-09c4-4ac8-a3fb-dba28ab3ddea/node_modules/.registry.npmjs.org/color/3.2.1/node_modules/color-convert"
  148 debug pnpm:link: 
    target: "/rbd/pnpm-volume/3f875fed-09c4-4ac8-a3fb-dba28ab3ddea/node_modules/.registry.npmjs.org/color-string/1.9.1/node_modules/color-string"
    link: "/rbd/pnpm-volume/3f875fed-09c4-4ac8-a3fb-dba28ab3ddea/node_modules/.registry.npmjs.org/color/3.2.1/node_modules/color-string"
  149 debug pnpm:link: 
    target: "/rbd/pnpm-volume/3f875fed-09c4-4ac8-a3fb-dba28ab3ddea/node_modules/.registry.npmjs.org/color-name/1.1.3/node_modules/color-name"
    link: "/rbd/pnpm-volume/3f875fed-09c4-4ac8-a3fb-dba28ab3ddea/node_modules/.registry.npmjs.org/color-convert/1.9.3/node_modules/color-name"
  150 debug pnpm:link: 
    target: "/rbd/pnpm-volume/3f875fed-09c4-4ac8-a3fb-dba28ab3ddea/node_modules/.registry.npmjs.org/color-name/1.1.4/node_modules/color-name"
    link: "/rbd/pnpm-volume/3f875fed-09c4-4ac8-a3fb-dba28ab3ddea/node_modules/.registry.npmjs.org/color-string/1.9.1/node_modules/color-name"
  151 debug pnpm:link: 
    target: "/rbd/pnpm-volume/3f875fed-09c4-4ac8-a3fb-dba28ab3ddea/node_modules/.registry.npmjs.org/simple-swizzle/0.2.2/node_modules/simple-swizzle"
    link: "/rbd/pnpm-volume/3f875fed-09c4-4ac8-a3fb-dba28ab3ddea/node_modules/.registry.npmjs.org/color-string/1.9.1/node_modules/simple-swizzle"
  152 debug pnpm:link: 
    target: "/rbd/pnpm-volume/3f875fed-09c4-4ac8-a3fb-dba28ab3ddea/node_modules/.registry.npmjs.org/is-arrayish/0.3.2/node_modules/is-arrayish"
    link: "/rbd/pnpm-volume/3f875fed-09c4-4ac8-a3fb-dba28ab3ddea/node_modules/.registry.npmjs.org/simple-swizzle/0.2.2/node_modules/is-arrayish"
  153 debug pnpm:link: 
    target: "/rbd/pnpm-volume/3f875fed-09c4-4ac8-a3fb-dba28ab3ddea/node_modules/.registry.npmjs.org/@colors/colors/1.5.0/node_modules/@colors/colors"
    link: "/rbd/pnpm-volume/3f875fed-09c4-4ac8-a3fb-dba28ab3ddea/node_modules/.registry.npmjs.org/logform/2.4.2/node_modules/@colors/colors"
  154 debug pnpm:link: 
    target: "/rbd/pnpm-volume/3f875fed-09c4-4ac8-a3fb-dba28ab3ddea/node_modules/.registry.npmjs.org/fecha/4.2.3/node_modules/fecha"
    link: "/rbd/pnpm-volume/3f875fed-09c4-4ac8-a3fb-dba28ab3ddea/node_modules/.registry.npmjs.org/logform/2.4.2/node_modules/fecha"
  155 debug pnpm:link: 
    target: "/rbd/pnpm-volume/3f875fed-09c4-4ac8-a3fb-dba28ab3ddea/node_modules/.registry.npmjs.org/ms/2.1.3/node_modules/ms"
    link: "/rbd/pnpm-volume/3f875fed-09c4-4ac8-a3fb-dba28ab3ddea/node_modules/.registry.npmjs.org/logform/2.4.2/node_modules/ms"
  156 debug pnpm:link: 
    target: "/rbd/pnpm-volume/3f875fed-09c4-4ac8-a3fb-dba28ab3ddea/node_modules/.registry.npmjs.org/safe-stable-stringify/2.4.1/node_modules/safe-stable-stringify"
    link: "/rbd/pnpm-volume/3f875fed-09c4-4ac8-a3fb-dba28ab3ddea/node_modules/.registry.npmjs.org/logform/2.4.2/node_modules/safe-stable-stringify"
  157 debug pnpm:link: 
    target: "/rbd/pnpm-volume/3f875fed-09c4-4ac8-a3fb-dba28ab3ddea/node_modules/.registry.npmjs.org/triple-beam/1.3.0/node_modules/triple-beam"
    link: "/rbd/pnpm-volume/3f875fed-09c4-4ac8-a3fb-dba28ab3ddea/node_modules/.registry.npmjs.org/logform/2.4.2/node_modules/triple-beam"
  158 debug pnpm:link: 
    target: "/rbd/pnpm-volume/3f875fed-09c4-4ac8-a3fb-dba28ab3ddea/node_modules/.registry.npmjs.org/fn.name/1.1.0/node_modules/fn.name"
    link: "/rbd/pnpm-volume/3f875fed-09c4-4ac8-a3fb-dba28ab3ddea/node_modules/.registry.npmjs.org/one-time/1.0.0/node_modules/fn.name"
  159 debug pnpm:link: 
    target: "/rbd/pnpm-volume/3f875fed-09c4-4ac8-a3fb-dba28ab3ddea/node_modules/.registry.npmjs.org/inherits/2.0.4/node_modules/inherits"
    link: "/rbd/pnpm-volume/3f875fed-09c4-4ac8-a3fb-dba28ab3ddea/node_modules/.registry.npmjs.org/readable-stream/3.6.0/node_modules/inherits"
  160 debug pnpm:link: 
    target: "/rbd/pnpm-volume/3f875fed-09c4-4ac8-a3fb-dba28ab3ddea/node_modules/.registry.npmjs.org/string_decoder/1.3.0/node_modules/string_decoder"
    link: "/rbd/pnpm-volume/3f875fed-09c4-4ac8-a3fb-dba28ab3ddea/node_modules/.registry.npmjs.org/readable-stream/3.6.0/node_modules/string_decoder"
  161 debug pnpm:link: 
    target: "/rbd/pnpm-volume/3f875fed-09c4-4ac8-a3fb-dba28ab3ddea/node_modules/.registry.npmjs.org/util-deprecate/1.0.2/node_modules/util-deprecate"
    link: "/rbd/pnpm-volume/3f875fed-09c4-4ac8-a3fb-dba28ab3ddea/node_modules/.registry.npmjs.org/readable-stream/3.6.0/node_modules/util-deprecate"
  162 debug pnpm:link: 
    target: "/rbd/pnpm-volume/3f875fed-09c4-4ac8-a3fb-dba28ab3ddea/node_modules/.registry.npmjs.org/safe-buffer/5.2.1/node_modules/safe-buffer"
    link: "/rbd/pnpm-volume/3f875fed-09c4-4ac8-a3fb-dba28ab3ddea/node_modules/.registry.npmjs.org/string_decoder/1.3.0/node_modules/safe-buffer"
  163 debug pnpm:link: 
    target: "/rbd/pnpm-volume/3f875fed-09c4-4ac8-a3fb-dba28ab3ddea/node_modules/.registry.npmjs.org/logform/2.4.2/node_modules/logform"
    link: "/rbd/pnpm-volume/3f875fed-09c4-4ac8-a3fb-dba28ab3ddea/node_modules/.registry.npmjs.org/winston-transport/4.5.0/node_modules/logform"
  164 debug pnpm:link: 
    target: "/rbd/pnpm-volume/3f875fed-09c4-4ac8-a3fb-dba28ab3ddea/node_modules/.registry.npmjs.org/readable-stream/3.6.0/node_modules/readable-stream"
    link: "/rbd/pnpm-volume/3f875fed-09c4-4ac8-a3fb-dba28ab3ddea/node_modules/.registry.npmjs.org/winston-transport/4.5.0/node_modules/readable-stream"
  165 debug pnpm:link: 
    target: "/rbd/pnpm-volume/3f875fed-09c4-4ac8-a3fb-dba28ab3ddea/node_modules/.registry.npmjs.org/triple-beam/1.3.0/node_modules/triple-beam"
    link: "/rbd/pnpm-volume/3f875fed-09c4-4ac8-a3fb-dba28ab3ddea/node_modules/.registry.npmjs.org/winston-transport/4.5.0/node_modules/triple-beam"
  166 debug pnpm:stage: 
    prefix: "/app"
    stage: "importing_done"
  167 debug pnpm:link: 
    target: "/rbd/pnpm-volume/3f875fed-09c4-4ac8-a3fb-dba28ab3ddea/node_modules/.registry.npmjs.org/@notionhq/client/2.2.2/node_modules/@notionhq/client"
    link: "/rbd/pnpm-volume/3f875fed-09c4-4ac8-a3fb-dba28ab3ddea/node_modules/@notionhq/client"
  168 debug pnpm:link: 
    target: "/rbd/pnpm-volume/3f875fed-09c4-4ac8-a3fb-dba28ab3ddea/node_modules/.registry.npmjs.org/encoding/0.1.13/node_modules/encoding"
    link: "/rbd/pnpm-volume/3f875fed-09c4-4ac8-a3fb-dba28ab3ddea/node_modules/encoding"
  169 debug pnpm:link: 
    target: "/rbd/pnpm-volume/3f875fed-09c4-4ac8-a3fb-dba28ab3ddea/node_modules/.registry.npmjs.org/node/19.2.0/node_modules/node"
    link: "/rbd/pnpm-volume/3f875fed-09c4-4ac8-a3fb-dba28ab3ddea/node_modules/node"
  170 debug pnpm:link: 
    target: "/rbd/pnpm-volume/3f875fed-09c4-4ac8-a3fb-dba28ab3ddea/node_modules/.registry.npmjs.org/node-engine/0.0.5/node_modules/node-engine"
    link: "/rbd/pnpm-volume/3f875fed-09c4-4ac8-a3fb-dba28ab3ddea/node_modules/node-engine"
  171 debug pnpm:link: 
    target: "/rbd/pnpm-volume/3f875fed-09c4-4ac8-a3fb-dba28ab3ddea/node_modules/.registry.npmjs.org/@types/node-fetch/2.6.2/node_modules/@types/node-fetch"
    link: "/rbd/pnpm-volume/3f875fed-09c4-4ac8-a3fb-dba28ab3ddea/node_modules/@types/node-fetch"
  172 debug pnpm:link: 
    target: "/rbd/pnpm-volume/3f875fed-09c4-4ac8-a3fb-dba28ab3ddea/node_modules/.registry.npmjs.org/iconv-lite/0.6.3/node_modules/iconv-lite"
    link: "/rbd/pnpm-volume/3f875fed-09c4-4ac8-a3fb-dba28ab3ddea/node_modules/iconv-lite"
  173 debug pnpm:link: 
    target: "/rbd/pnpm-volume/3f875fed-09c4-4ac8-a3fb-dba28ab3ddea/node_modules/.registry.npmjs.org/node-bin-setup/1.1.3/node_modules/node-bin-setup"
    link: "/rbd/pnpm-volume/3f875fed-09c4-4ac8-a3fb-dba28ab3ddea/node_modules/node-bin-setup"
  174 debug pnpm:link: 
    target: "/rbd/pnpm-volume/3f875fed-09c4-4ac8-a3fb-dba28ab3ddea/node_modules/.registry.npmjs.org/node-fetch/2.6.7/node_modules/node-fetch"
    link: "/rbd/pnpm-volume/3f875fed-09c4-4ac8-a3fb-dba28ab3ddea/node_modules/node-fetch"
  175 debug pnpm:link: 
    target: "/rbd/pnpm-volume/3f875fed-09c4-4ac8-a3fb-dba28ab3ddea/node_modules/.registry.npmjs.org/node-options/0.0.7/node_modules/node-options"
    link: "/rbd/pnpm-volume/3f875fed-09c4-4ac8-a3fb-dba28ab3ddea/node_modules/node-options"
  176 debug pnpm:link: 
    target: "/rbd/pnpm-volume/3f875fed-09c4-4ac8-a3fb-dba28ab3ddea/node_modules/.registry.npmjs.org/q/1.5.1/node_modules/q"
    link: "/rbd/pnpm-volume/3f875fed-09c4-4ac8-a3fb-dba28ab3ddea/node_modules/q"
  177 debug pnpm:link: 
    target: "/rbd/pnpm-volume/3f875fed-09c4-4ac8-a3fb-dba28ab3ddea/node_modules/.registry.npmjs.org/winston/3.8.2/node_modules/winston"
    link: "/rbd/pnpm-volume/3f875fed-09c4-4ac8-a3fb-dba28ab3ddea/node_modules/winston"
  178 debug pnpm:link: 
    target: "/rbd/pnpm-volume/3f875fed-09c4-4ac8-a3fb-dba28ab3ddea/node_modules/.registry.npmjs.org/@colors/colors/1.5.0/node_modules/@colors/colors"
    link: "/rbd/pnpm-volume/3f875fed-09c4-4ac8-a3fb-dba28ab3ddea/node_modules/@colors/colors"
  179 debug pnpm:link: 
    target: "/rbd/pnpm-volume/3f875fed-09c4-4ac8-a3fb-dba28ab3ddea/node_modules/.registry.npmjs.org/@dabh/diagnostics/2.0.3/node_modules/@dabh/diagnostics"
    link: "/rbd/pnpm-volume/3f875fed-09c4-4ac8-a3fb-dba28ab3ddea/node_modules/@dabh/diagnostics"
  180 debug pnpm:link: 
    target: "/rbd/pnpm-volume/3f875fed-09c4-4ac8-a3fb-dba28ab3ddea/node_modules/.registry.npmjs.org/@types/node/18.11.11/node_modules/@types/node"
    link: "/rbd/pnpm-volume/3f875fed-09c4-4ac8-a3fb-dba28ab3ddea/node_modules/@types/node"
  181 debug pnpm:link: 
    target: "/rbd/pnpm-volume/3f875fed-09c4-4ac8-a3fb-dba28ab3ddea/node_modules/.registry.npmjs.org/async/3.2.4/node_modules/async"
    link: "/rbd/pnpm-volume/3f875fed-09c4-4ac8-a3fb-dba28ab3ddea/node_modules/async"
  182 debug pnpm:link: 
    target: "/rbd/pnpm-volume/3f875fed-09c4-4ac8-a3fb-dba28ab3ddea/node_modules/.registry.npmjs.org/form-data/3.0.1/node_modules/form-data"
    link: "/rbd/pnpm-volume/3f875fed-09c4-4ac8-a3fb-dba28ab3ddea/node_modules/form-data"
  183 debug pnpm:link: 
    target: "/rbd/pnpm-volume/3f875fed-09c4-4ac8-a3fb-dba28ab3ddea/node_modules/.registry.npmjs.org/is-stream/2.0.1/node_modules/is-stream"
    link: "/rbd/pnpm-volume/3f875fed-09c4-4ac8-a3fb-dba28ab3ddea/node_modules/is-stream"
  184 debug pnpm:link: 
    target: "/rbd/pnpm-volume/3f875fed-09c4-4ac8-a3fb-dba28ab3ddea/node_modules/.registry.npmjs.org/logform/2.4.2/node_modules/logform"
    link: "/rbd/pnpm-volume/3f875fed-09c4-4ac8-a3fb-dba28ab3ddea/node_modules/logform"
  185 debug pnpm:link: 
    target: "/rbd/pnpm-volume/3f875fed-09c4-4ac8-a3fb-dba28ab3ddea/node_modules/.registry.npmjs.org/one-time/1.0.0/node_modules/one-time"
    link: "/rbd/pnpm-volume/3f875fed-09c4-4ac8-a3fb-dba28ab3ddea/node_modules/one-time"
  186 debug pnpm:link: 
    target: "/rbd/pnpm-volume/3f875fed-09c4-4ac8-a3fb-dba28ab3ddea/node_modules/.registry.npmjs.org/readable-stream/3.6.0/node_modules/readable-stream"
    link: "/rbd/pnpm-volume/3f875fed-09c4-4ac8-a3fb-dba28ab3ddea/node_modules/readable-stream"
  187 debug pnpm:link: 
    target: "/rbd/pnpm-volume/3f875fed-09c4-4ac8-a3fb-dba28ab3ddea/node_modules/.registry.npmjs.org/safe-stable-stringify/2.4.1/node_modules/safe-stable-stringify"
    link: "/rbd/pnpm-volume/3f875fed-09c4-4ac8-a3fb-dba28ab3ddea/node_modules/safe-stable-stringify"
  188 debug pnpm:link: 
    target: "/rbd/pnpm-volume/3f875fed-09c4-4ac8-a3fb-dba28ab3ddea/node_modules/.registry.npmjs.org/safer-buffer/2.1.2/node_modules/safer-buffer"
    link: "/rbd/pnpm-volume/3f875fed-09c4-4ac8-a3fb-dba28ab3ddea/node_modules/safer-buffer"
  189 debug pnpm:link: 
    target: "/rbd/pnpm-volume/3f875fed-09c4-4ac8-a3fb-dba28ab3ddea/node_modules/.registry.npmjs.org/stack-trace/0.0.10/node_modules/stack-trace"
    link: "/rbd/pnpm-volume/3f875fed-09c4-4ac8-a3fb-dba28ab3ddea/node_modules/stack-trace"
  190 debug pnpm:link: 
    target: "/rbd/pnpm-volume/3f875fed-09c4-4ac8-a3fb-dba28ab3ddea/node_modules/.registry.npmjs.org/triple-beam/1.3.0/node_modules/triple-beam"
    link: "/rbd/pnpm-volume/3f875fed-09c4-4ac8-a3fb-dba28ab3ddea/node_modules/triple-beam"
  191 debug pnpm:link: 
    target: "/rbd/pnpm-volume/3f875fed-09c4-4ac8-a3fb-dba28ab3ddea/node_modules/.registry.npmjs.org/whatwg-url/5.0.0/node_modules/whatwg-url"
    link: "/rbd/pnpm-volume/3f875fed-09c4-4ac8-a3fb-dba28ab3ddea/node_modules/whatwg-url"
  192 debug pnpm:link: 
    target: "/rbd/pnpm-volume/3f875fed-09c4-4ac8-a3fb-dba28ab3ddea/node_modules/.registry.npmjs.org/winston-transport/4.5.0/node_modules/winston-transport"
    link: "/rbd/pnpm-volume/3f875fed-09c4-4ac8-a3fb-dba28ab3ddea/node_modules/winston-transport"
  193 debug pnpm:link: 
    target: "/rbd/pnpm-volume/3f875fed-09c4-4ac8-a3fb-dba28ab3ddea/node_modules/.registry.npmjs.org/asynckit/0.4.0/node_modules/asynckit"
    link: "/rbd/pnpm-volume/3f875fed-09c4-4ac8-a3fb-dba28ab3ddea/node_modules/asynckit"
  194 debug pnpm:link: 
    target: "/rbd/pnpm-volume/3f875fed-09c4-4ac8-a3fb-dba28ab3ddea/node_modules/.registry.npmjs.org/colorspace/1.1.4/node_modules/colorspace"
    link: "/rbd/pnpm-volume/3f875fed-09c4-4ac8-a3fb-dba28ab3ddea/node_modules/colorspace"
  195 debug pnpm:link: 
    target: "/rbd/pnpm-volume/3f875fed-09c4-4ac8-a3fb-dba28ab3ddea/node_modules/.registry.npmjs.org/combined-stream/1.0.8/node_modules/combined-stream"
    link: "/rbd/pnpm-volume/3f875fed-09c4-4ac8-a3fb-dba28ab3ddea/node_modules/combined-stream"
  196 debug pnpm:link: 
    target: "/rbd/pnpm-volume/3f875fed-09c4-4ac8-a3fb-dba28ab3ddea/node_modules/.registry.npmjs.org/enabled/2.0.0/node_modules/enabled"
    link: "/rbd/pnpm-volume/3f875fed-09c4-4ac8-a3fb-dba28ab3ddea/node_modules/enabled"
  197 debug pnpm:link: 
    target: "/rbd/pnpm-volume/3f875fed-09c4-4ac8-a3fb-dba28ab3ddea/node_modules/.registry.npmjs.org/fecha/4.2.3/node_modules/fecha"
    link: "/rbd/pnpm-volume/3f875fed-09c4-4ac8-a3fb-dba28ab3ddea/node_modules/fecha"
  198 debug pnpm:link: 
    target: "/rbd/pnpm-volume/3f875fed-09c4-4ac8-a3fb-dba28ab3ddea/node_modules/.registry.npmjs.org/fn.name/1.1.0/node_modules/fn.name"
    link: "/rbd/pnpm-volume/3f875fed-09c4-4ac8-a3fb-dba28ab3ddea/node_modules/fn.name"
  199 debug pnpm:link: 
    target: "/rbd/pnpm-volume/3f875fed-09c4-4ac8-a3fb-dba28ab3ddea/node_modules/.registry.npmjs.org/inherits/2.0.4/node_modules/inherits"
    link: "/rbd/pnpm-volume/3f875fed-09c4-4ac8-a3fb-dba28ab3ddea/node_modules/inherits"
  200 debug pnpm:link: 
    target: "/rbd/pnpm-volume/3f875fed-09c4-4ac8-a3fb-dba28ab3ddea/node_modules/.registry.npmjs.org/kuler/2.0.0/node_modules/kuler"
    link: "/rbd/pnpm-volume/3f875fed-09c4-4ac8-a3fb-dba28ab3ddea/node_modules/kuler"
  201 debug pnpm:link: 
    target: "/rbd/pnpm-volume/3f875fed-09c4-4ac8-a3fb-dba28ab3ddea/node_modules/.registry.npmjs.org/mime-types/2.1.35/node_modules/mime-types"
    link: "/rbd/pnpm-volume/3f875fed-09c4-4ac8-a3fb-dba28ab3ddea/node_modules/mime-types"
  202 debug pnpm:link: 
    target: "/rbd/pnpm-volume/3f875fed-09c4-4ac8-a3fb-dba28ab3ddea/node_modules/.registry.npmjs.org/ms/2.1.3/node_modules/ms"
    link: "/rbd/pnpm-volume/3f875fed-09c4-4ac8-a3fb-dba28ab3ddea/node_modules/ms"
  203 debug pnpm:link: 
    target: "/rbd/pnpm-volume/3f875fed-09c4-4ac8-a3fb-dba28ab3ddea/node_modules/.registry.npmjs.org/string_decoder/1.3.0/node_modules/string_decoder"
    link: "/rbd/pnpm-volume/3f875fed-09c4-4ac8-a3fb-dba28ab3ddea/node_modules/string_decoder"
  204 debug pnpm:link: 
    target: "/rbd/pnpm-volume/3f875fed-09c4-4ac8-a3fb-dba28ab3ddea/node_modules/.registry.npmjs.org/tr46/0.0.3/node_modules/tr46"
    link: "/rbd/pnpm-volume/3f875fed-09c4-4ac8-a3fb-dba28ab3ddea/node_modules/tr46"
  205 debug pnpm:link: 
    target: "/rbd/pnpm-volume/3f875fed-09c4-4ac8-a3fb-dba28ab3ddea/node_modules/.registry.npmjs.org/util-deprecate/1.0.2/node_modules/util-deprecate"
    link: "/rbd/pnpm-volume/3f875fed-09c4-4ac8-a3fb-dba28ab3ddea/node_modules/util-deprecate"
  206 debug pnpm:link: 
    target: "/rbd/pnpm-volume/3f875fed-09c4-4ac8-a3fb-dba28ab3ddea/node_modules/.registry.npmjs.org/webidl-conversions/3.0.1/node_modules/webidl-conversions"
    link: "/rbd/pnpm-volume/3f875fed-09c4-4ac8-a3fb-dba28ab3ddea/node_modules/webidl-conversions"
  207 debug pnpm:link: 
    target: "/rbd/pnpm-volume/3f875fed-09c4-4ac8-a3fb-dba28ab3ddea/node_modules/.registry.npmjs.org/color/3.2.1/node_modules/color"
    link: "/rbd/pnpm-volume/3f875fed-09c4-4ac8-a3fb-dba28ab3ddea/node_modules/color"
  208 debug pnpm:link: 
    target: "/rbd/pnpm-volume/3f875fed-09c4-4ac8-a3fb-dba28ab3ddea/node_modules/.registry.npmjs.org/delayed-stream/1.0.0/node_modules/delayed-stream"
    link: "/rbd/pnpm-volume/3f875fed-09c4-4ac8-a3fb-dba28ab3ddea/node_modules/delayed-stream"
  209 debug pnpm:link: 
    target: "/rbd/pnpm-volume/3f875fed-09c4-4ac8-a3fb-dba28ab3ddea/node_modules/.registry.npmjs.org/mime-db/1.52.0/node_modules/mime-db"
    link: "/rbd/pnpm-volume/3f875fed-09c4-4ac8-a3fb-dba28ab3ddea/node_modules/mime-db"
  210 debug pnpm:link: 
    target: "/rbd/pnpm-volume/3f875fed-09c4-4ac8-a3fb-dba28ab3ddea/node_modules/.registry.npmjs.org/safe-buffer/5.2.1/node_modules/safe-buffer"
    link: "/rbd/pnpm-volume/3f875fed-09c4-4ac8-a3fb-dba28ab3ddea/node_modules/safe-buffer"
  211 debug pnpm:link: 
    target: "/rbd/pnpm-volume/3f875fed-09c4-4ac8-a3fb-dba28ab3ddea/node_modules/.registry.npmjs.org/text-hex/1.0.0/node_modules/text-hex"
    link: "/rbd/pnpm-volume/3f875fed-09c4-4ac8-a3fb-dba28ab3ddea/node_modules/text-hex"
  212 debug pnpm:link: 
    target: "/rbd/pnpm-volume/3f875fed-09c4-4ac8-a3fb-dba28ab3ddea/node_modules/.registry.npmjs.org/color-convert/1.9.3/node_modules/color-convert"
    link: "/rbd/pnpm-volume/3f875fed-09c4-4ac8-a3fb-dba28ab3ddea/node_modules/color-convert"
  213 debug pnpm:link: 
    target: "/rbd/pnpm-volume/3f875fed-09c4-4ac8-a3fb-dba28ab3ddea/node_modules/.registry.npmjs.org/color-string/1.9.1/node_modules/color-string"
    link: "/rbd/pnpm-volume/3f875fed-09c4-4ac8-a3fb-dba28ab3ddea/node_modules/color-string"
  214 debug pnpm:link: 
    target: "/rbd/pnpm-volume/3f875fed-09c4-4ac8-a3fb-dba28ab3ddea/node_modules/.registry.npmjs.org/color-name/1.1.3/node_modules/color-name"
    link: "/rbd/pnpm-volume/3f875fed-09c4-4ac8-a3fb-dba28ab3ddea/node_modules/color-name"
  215 debug pnpm:link: 
    target: "/rbd/pnpm-volume/3f875fed-09c4-4ac8-a3fb-dba28ab3ddea/node_modules/.registry.npmjs.org/simple-swizzle/0.2.2/node_modules/simple-swizzle"
    link: "/rbd/pnpm-volume/3f875fed-09c4-4ac8-a3fb-dba28ab3ddea/node_modules/simple-swizzle"
  216 debug pnpm:link: 
    target: "/rbd/pnpm-volume/3f875fed-09c4-4ac8-a3fb-dba28ab3ddea/node_modules/.registry.npmjs.org/is-arrayish/0.3.2/node_modules/is-arrayish"
    link: "/rbd/pnpm-volume/3f875fed-09c4-4ac8-a3fb-dba28ab3ddea/node_modules/is-arrayish"
  217 error pnpm: 
    message: 
      errno: -2
      code: "ENOENT"
      syscall: "chmod"
      path: "/rbd/pnpm-volume/3f875fed-09c4-4ac8-a3fb-dba28ab3ddea/node_modules/node/bin/node"
    err: 
      name: "Error"
      message: "ENOENT: no such file or directory, chmod '/rbd/pnpm-volume/3f875fed-09c4-4ac8-a3fb-dba28ab3ddea/node_modules/node/bin/node'"
      code: "ENOENT"
      stack: "Error: ENOENT: no such file or directory, chmod '/rbd/pnpm-volume/3f875fed-09c4-4ac8-a3fb-dba28ab3ddea/node_modules/node/bin/node'"
